<?xml version="1.0" encoding="UTF-8"?>
<testsuite xmlns:xsi="http://www.w3.org/2001/XMLSchema-instance" xsi:noNamespaceSchemaLocation="https://maven.apache.org/surefire/maven-surefire-plugin/xsd/surefire-test-report-3.0.xsd" version="3.0" name="com.game.helpers.ParamsTest" time="0.133" tests="12" errors="0" skipped="0" failures="0">
  <properties>
    <property name="java.specification.version" value="17"/>
    <property name="sun.jnu.encoding" value="UTF-8"/>
    <property name="java.class.path" value="/Users/snehaaitha/Downloads/scratch-master/target/test-classes:/Users/snehaaitha/Downloads/scratch-master/target/classes:/Users/snehaaitha/.m2/repository/com/fasterxml/jackson/core/jackson-databind/2.16.1/jackson-databind-2.16.1.jar:/Users/snehaaitha/.m2/repository/com/fasterxml/jackson/core/jackson-annotations/2.16.1/jackson-annotations-2.16.1.jar:/Users/snehaaitha/.m2/repository/com/fasterxml/jackson/core/jackson-core/2.16.1/jackson-core-2.16.1.jar:/Users/snehaaitha/.m2/repository/org/junit/jupiter/junit-jupiter/5.10.0/junit-jupiter-5.10.0.jar:/Users/snehaaitha/.m2/repository/org/junit/jupiter/junit-jupiter-api/5.10.0/junit-jupiter-api-5.10.0.jar:/Users/snehaaitha/.m2/repository/org/opentest4j/opentest4j/1.3.0/opentest4j-1.3.0.jar:/Users/snehaaitha/.m2/repository/org/junit/platform/junit-platform-commons/1.10.0/junit-platform-commons-1.10.0.jar:/Users/snehaaitha/.m2/repository/org/apiguardian/apiguardian-api/1.1.2/apiguardian-api-1.1.2.jar:/Users/snehaaitha/.m2/repository/org/junit/jupiter/junit-jupiter-params/5.10.0/junit-jupiter-params-5.10.0.jar:/Users/snehaaitha/.m2/repository/org/junit/jupiter/junit-jupiter-engine/5.10.0/junit-jupiter-engine-5.10.0.jar:/Users/snehaaitha/.m2/repository/org/junit/platform/junit-platform-engine/1.10.0/junit-platform-engine-1.10.0.jar:"/>
    <property name="java.vm.vendor" value="Oracle Corporation"/>
    <property name="sun.arch.data.model" value="64"/>
    <property name="java.vendor.url" value="https://java.oracle.com/"/>
    <property name="user.timezone" value="Asia/Dubai"/>
    <property name="os.name" value="Mac OS X"/>
    <property name="java.vm.specification.version" value="17"/>
    <property name="sun.java.launcher" value="SUN_STANDARD"/>
    <property name="user.country" value="AE"/>
    <property name="sun.boot.library.path" value="/Users/snehaaitha/Downloads/jdk-17.0.8.jdk/Contents/Home/lib"/>
    <property name="sun.java.command" value="/Users/snehaaitha/Downloads/scratch-master/target/surefire/surefirebooter-20240229162110971_3.jar /Users/snehaaitha/Downloads/scratch-master/target/surefire 2024-02-29T16-21-10_741-jvmRun1 surefire-20240229162110971_1tmp surefire_0-20240229162110971_2tmp"/>
    <property name="http.nonProxyHosts" value="local|*.local|169.254/16|*.169.254/16"/>
    <property name="jdk.debug" value="release"/>
    <property name="surefire.test.class.path" value="/Users/snehaaitha/Downloads/scratch-master/target/test-classes:/Users/snehaaitha/Downloads/scratch-master/target/classes:/Users/snehaaitha/.m2/repository/com/fasterxml/jackson/core/jackson-databind/2.16.1/jackson-databind-2.16.1.jar:/Users/snehaaitha/.m2/repository/com/fasterxml/jackson/core/jackson-annotations/2.16.1/jackson-annotations-2.16.1.jar:/Users/snehaaitha/.m2/repository/com/fasterxml/jackson/core/jackson-core/2.16.1/jackson-core-2.16.1.jar:/Users/snehaaitha/.m2/repository/org/junit/jupiter/junit-jupiter/5.10.0/junit-jupiter-5.10.0.jar:/Users/snehaaitha/.m2/repository/org/junit/jupiter/junit-jupiter-api/5.10.0/junit-jupiter-api-5.10.0.jar:/Users/snehaaitha/.m2/repository/org/opentest4j/opentest4j/1.3.0/opentest4j-1.3.0.jar:/Users/snehaaitha/.m2/repository/org/junit/platform/junit-platform-commons/1.10.0/junit-platform-commons-1.10.0.jar:/Users/snehaaitha/.m2/repository/org/apiguardian/apiguardian-api/1.1.2/apiguardian-api-1.1.2.jar:/Users/snehaaitha/.m2/repository/org/junit/jupiter/junit-jupiter-params/5.10.0/junit-jupiter-params-5.10.0.jar:/Users/snehaaitha/.m2/repository/org/junit/jupiter/junit-jupiter-engine/5.10.0/junit-jupiter-engine-5.10.0.jar:/Users/snehaaitha/.m2/repository/org/junit/platform/junit-platform-engine/1.10.0/junit-platform-engine-1.10.0.jar:"/>
    <property name="sun.cpu.endian" value="little"/>
    <property name="user.home" value="/Users/snehaaitha"/>
    <property name="user.language" value="en"/>
    <property name="java.specification.vendor" value="Oracle Corporation"/>
    <property name="java.version.date" value="2023-07-18"/>
    <property name="java.home" value="/Users/snehaaitha/Downloads/jdk-17.0.8.jdk/Contents/Home"/>
    <property name="file.separator" value="/"/>
    <property name="style.color" value="always"/>
    <property name="basedir" value="/Users/snehaaitha/Downloads/scratch-master"/>
    <property name="java.vm.compressedOopsMode" value="Zero based"/>
    <property name="line.separator" value="&#10;"/>
    <property name="java.vm.specification.vendor" value="Oracle Corporation"/>
    <property name="java.specification.name" value="Java Platform API Specification"/>
    <property name="surefire.real.class.path" value="/Users/snehaaitha/Downloads/scratch-master/target/surefire/surefirebooter-20240229162110971_3.jar"/>
    <property name="sun.management.compiler" value="HotSpot 64-Bit Tiered Compilers"/>
    <property name="ftp.nonProxyHosts" value="local|*.local|169.254/16|*.169.254/16"/>
    <property name="java.runtime.version" value="17.0.8+9-LTS-211"/>
    <property name="user.name" value="snehaaitha"/>
    <property name="path.separator" value=":"/>
    <property name="os.version" value="13.2.1"/>
    <property name="java.runtime.name" value="Java(TM) SE Runtime Environment"/>
    <property name="file.encoding" value="UTF-8"/>
    <property name="java.vm.name" value="Java HotSpot(TM) 64-Bit Server VM"/>
    <property name="localRepository" value="/Users/snehaaitha/.m2/repository"/>
    <property name="java.vendor.url.bug" value="https://bugreport.java.com/bugreport/"/>
    <property name="java.io.tmpdir" value="/var/folders/dy/7z45gr6x715ds0g1nkpj_ghm0000gn/T/"/>
    <property name="java.version" value="17.0.8"/>
    <property name="user.dir" value="/Users/snehaaitha/Downloads/scratch-master"/>
    <property name="os.arch" value="x86_64"/>
    <property name="java.vm.specification.name" value="Java Virtual Machine Specification"/>
    <property name="native.encoding" value="UTF-8"/>
    <property name="java.library.path" value="/Users/snehaaitha/Library/Java/Extensions:/Library/Java/Extensions:/Network/Library/Java/Extensions:/System/Library/Java/Extensions:/usr/lib/java:."/>
    <property name="java.vm.info" value="mixed mode, sharing"/>
    <property name="java.vendor" value="Oracle Corporation"/>
    <property name="java.vm.version" value="17.0.8+9-LTS-211"/>
    <property name="sun.io.unicode.encoding" value="UnicodeBig"/>
    <property name="socksNonProxyHosts" value="local|*.local|169.254/16|*.169.254/16"/>
    <property name="java.class.version" value="61.0"/>
  </properties>
  <testcase name="initWithInvalidBettingAmountShouldPrintErrorAndReturnFalse(String)[1]" classname="com.game.helpers.ParamsTest" time="0.027"/>
  <testcase name="initWithInvalidBettingAmountShouldPrintErrorAndReturnFalse(String)[2]" classname="com.game.helpers.ParamsTest" time="0.0"/>
  <testcase name="initEmptyShouldPrintHelpAndReturnFalse" classname="com.game.helpers.ParamsTest" time="0.002"/>
  <testcase name="initWithInvalidConfigPathShouldPrintErrorAndReturnFalse(String)[1]" classname="com.game.helpers.ParamsTest" time="0.001"/>
  <testcase name="initWithInvalidConfigPathShouldPrintErrorAndReturnFalse(String)[2]" classname="com.game.helpers.ParamsTest" time="0.001"/>
  <testcase name="initWithInvalidParamsShouldPrintHelpAndReturnFalse(String)[1]" classname="com.game.helpers.ParamsTest" time="0.002"/>
  <testcase name="initWithInvalidParamsShouldPrintHelpAndReturnFalse(String)[2]" classname="com.game.helpers.ParamsTest" time="0.001"/>
  <testcase name="initWithValidParamsShouldReturnTrue(String, String)[1]" classname="com.game.helpers.ParamsTest" time="0.002"/>
  <testcase name="initWithValidParamsShouldReturnTrue(String, String)[2]" classname="com.game.helpers.ParamsTest" time="0.001"/>
  <testcase name="initWithUnknownParamsShouldPrintHelpAndReturnFalse" classname="com.game.helpers.ParamsTest" time="0.0"/>
  <testcase name="initWithHelpParamsShouldPrintHelpAndReturnFalse(String)[1]" classname="com.game.helpers.ParamsTest" time="0.001"/>
  <testcase name="initWithHelpParamsShouldPrintHelpAndReturnFalse(String)[2]" classname="com.game.helpers.ParamsTest" time="0.002"/>
</testsuite>